\BOOKMARK [1][]{section.1}{Introduction}{}% 1
\BOOKMARK [2][]{subsection.1.1}{Background}{section.1}% 2
\BOOKMARK [2][]{subsection.1.2}{Problem\040Restatement}{section.1}% 3
\BOOKMARK [1][]{section.2}{Assumptions}{}% 4
\BOOKMARK [1][]{section.3}{List\040of\040Notation}{}% 5
\BOOKMARK [1][]{section.4}{Part\0401A:\040Energy\040Profiles\040of\040the\040Four\040States}{}% 6
\BOOKMARK [1][]{section.5}{Part\0401B:\040The\040ARIMA\040Time\040Series\040Model}{}% 7
\BOOKMARK [2][]{subsection.5.1}{Model\040Construction}{section.5}% 8
\BOOKMARK [2][]{subsection.5.2}{Model\040Results}{section.5}% 9
\BOOKMARK [2][]{subsection.5.3}{Analysis\040and\040interpretation\040of\040the\040model\040results}{section.5}% 10
\BOOKMARK [2][]{subsection.5.4}{Section\040Conclusion}{section.5}% 11
\BOOKMARK [1][]{section.6}{Part\0401C:\040The\040Analytic\040Hierarchy\040Process\040Model}{}% 12
\BOOKMARK [2][]{subsection.6.1}{Model\040Construction}{section.6}% 13
\BOOKMARK [2][]{subsection.6.2}{Model\040Results}{section.6}% 14
\BOOKMARK [1][]{section.7}{Part\0401D:\040Predict\040the\040Energy\040Profiles}{}% 15
\BOOKMARK [1][]{section.8}{Part\0402A:\040Renewable\040Energy\040Usage\040Targets}{}% 16
\BOOKMARK [1][]{section.9}{Part\0402B:\040Actions\040to\040Meet\040the\040Goals}{}% 17
\BOOKMARK [1][]{section.10}{Strengths\040and\040Weaknesses}{}% 18
\BOOKMARK [2][]{subsection.10.1}{Strengths}{section.10}% 19
\BOOKMARK [2][]{subsection.10.2}{Weaknesses\040and\040Extensions}{section.10}% 20
\BOOKMARK [1][]{section.11}{Part\0403:\040A\040Memo\040to\040Four-state\040Energy\040Compact}{}% 21
\BOOKMARK [1][]{table.caption.19}{Reference}{}% 22
\BOOKMARK [1][]{section*.21}{Appendices}{}% 23
\BOOKMARK [1][]{Appendix.a.A}{Appendix\040\040Graphs}{}% 24
\BOOKMARK [1][]{Appendix.a.B}{Appendix\040Codes}{}% 25
